<?xml version="1.0" encoding="UTF-8"?>
<testng-results skipped="0" failed="1" ignored="0" total="6" passed="5">
  <reporter-output>
  </reporter-output>
  <suite name="Suite" duration-ms="9986" started-at="2018-09-11T16:13:57Z" finished-at="2018-09-11T16:14:07Z">
    <groups>
    </groups>
    <test name="API Tests" duration-ms="9986" started-at="2018-09-11T16:13:57Z" finished-at="2018-09-11T16:14:07Z">
      <class name="com.github.rest.yaml.test.TestClass">
        <test-method status="PASS" signature="setTestName()[pri:0, instance:com.github.rest.yaml.test.TestClass@64da2a7]" name="setTestName" is-config="true" duration-ms="14" started-at="2018-09-11T16:13:57Z" finished-at="2018-09-11T16:13:57Z">
          <reporter-output>
          </reporter-output>
        </test-method> <!-- setTestName -->
        <test-method status="PASS" signature="setupTest()[pri:0, instance:com.github.rest.yaml.test.TestClass@32fe9d0a]" name="setupTest" duration-ms="4357" started-at="2018-09-11T16:13:57Z" finished-at="2018-09-11T16:14:01Z">
          <reporter-output>
          </reporter-output>
        </test-method> <!-- setupTest -->
        <test-method status="PASS" signature="setTestName()[pri:0, instance:com.github.rest.yaml.test.TestClass@64da2a7]" name="setTestName" is-config="true" duration-ms="0" started-at="2018-09-11T16:14:01Z" finished-at="2018-09-11T16:14:01Z">
          <reporter-output>
          </reporter-output>
        </test-method> <!-- setTestName -->
        <test-method status="PASS" signature="setupTest()[pri:0, instance:com.github.rest.yaml.test.TestClass@37eeec90]" name="setupTest" duration-ms="1188" started-at="2018-09-11T16:14:01Z" finished-at="2018-09-11T16:14:02Z">
          <reporter-output>
          </reporter-output>
        </test-method> <!-- setupTest -->
        <test-method status="PASS" signature="setTestName()[pri:0, instance:com.github.rest.yaml.test.TestClass@64da2a7]" name="setTestName" is-config="true" duration-ms="0" started-at="2018-09-11T16:14:03Z" finished-at="2018-09-11T16:14:03Z">
          <reporter-output>
          </reporter-output>
        </test-method> <!-- setTestName -->
        <test-method status="PASS" signature="setupTest()[pri:0, instance:com.github.rest.yaml.test.TestClass@64da2a7]" name="setupTest" duration-ms="1076" started-at="2018-09-11T16:14:03Z" finished-at="2018-09-11T16:14:04Z">
          <reporter-output>
          </reporter-output>
        </test-method> <!-- setupTest -->
        <test-method status="PASS" signature="setTestName()[pri:0, instance:com.github.rest.yaml.test.TestClass@64da2a7]" name="setTestName" is-config="true" duration-ms="0" started-at="2018-09-11T16:14:04Z" finished-at="2018-09-11T16:14:04Z">
          <reporter-output>
          </reporter-output>
        </test-method> <!-- setTestName -->
        <test-method status="PASS" signature="setupTest()[pri:0, instance:com.github.rest.yaml.test.TestClass@724f138e]" name="setupTest" duration-ms="1049" started-at="2018-09-11T16:14:04Z" finished-at="2018-09-11T16:14:05Z">
          <reporter-output>
          </reporter-output>
        </test-method> <!-- setupTest -->
        <test-method status="PASS" signature="setTestName()[pri:0, instance:com.github.rest.yaml.test.TestClass@64da2a7]" name="setTestName" is-config="true" duration-ms="0" started-at="2018-09-11T16:14:05Z" finished-at="2018-09-11T16:14:05Z">
          <reporter-output>
          </reporter-output>
        </test-method> <!-- setTestName -->
        <test-method status="PASS" signature="setupTest()[pri:0, instance:com.github.rest.yaml.test.TestClass@c9413d8]" name="setupTest" duration-ms="1050" started-at="2018-09-11T16:14:05Z" finished-at="2018-09-11T16:14:06Z">
          <reporter-output>
          </reporter-output>
        </test-method> <!-- setupTest -->
        <test-method status="PASS" signature="setTestName()[pri:0, instance:com.github.rest.yaml.test.TestClass@64da2a7]" name="setTestName" is-config="true" duration-ms="0" started-at="2018-09-11T16:14:06Z" finished-at="2018-09-11T16:14:06Z">
          <reporter-output>
          </reporter-output>
        </test-method> <!-- setTestName -->
        <test-method status="FAIL" signature="setupTest()[pri:0, instance:com.github.rest.yaml.test.TestClass@cf65451]" name="setupTest" duration-ms="1124" started-at="2018-09-11T16:14:06Z" finished-at="2018-09-11T16:14:07Z">
          <exception class="java.lang.AssertionError">
            <message>
              <![CDATA[
Expected: <201>
     but: was <200>]]>
            </message>
            <full-stacktrace>
              <![CDATA[java.lang.AssertionError: 
Expected: <201>
     but: was <200>
at org.hamcrest.MatcherAssert.assertThat(MatcherAssert.java:20)
at org.hamcrest.MatcherAssert.assertThat(MatcherAssert.java:8)
at com.github.rest.yaml.test.RestResponse.doAssert(RestResponse.java:27)
at com.github.rest.yaml.test.TestClass.setupTest(TestClass.java:64)
at sun.reflect.NativeMethodAccessorImpl.invoke0(Native Method)
at sun.reflect.NativeMethodAccessorImpl.invoke(Unknown Source)
at sun.reflect.DelegatingMethodAccessorImpl.invoke(Unknown Source)
at java.lang.reflect.Method.invoke(Unknown Source)
at org.testng.internal.MethodInvocationHelper.invokeMethod(MethodInvocationHelper.java:124)
at org.testng.internal.Invoker.invokeMethod(Invoker.java:583)
at org.testng.internal.Invoker.invokeTestMethod(Invoker.java:719)
at org.testng.internal.Invoker.invokeTestMethods(Invoker.java:989)
at org.testng.internal.TestMethodWorker.invokeTestMethods(TestMethodWorker.java:125)
at org.testng.internal.TestMethodWorker.run(TestMethodWorker.java:109)
at org.testng.TestRunner.privateRun(TestRunner.java:648)
at org.testng.TestRunner.run(TestRunner.java:505)
at org.testng.SuiteRunner.runTest(SuiteRunner.java:455)
at org.testng.SuiteRunner.runSequentially(SuiteRunner.java:450)
at org.testng.SuiteRunner.privateRun(SuiteRunner.java:415)
at org.testng.SuiteRunner.run(SuiteRunner.java:364)
at org.testng.SuiteRunnerWorker.runSuite(SuiteRunnerWorker.java:52)
at org.testng.SuiteRunnerWorker.run(SuiteRunnerWorker.java:84)
at org.testng.TestNG.runSuitesSequentially(TestNG.java:1208)
at org.testng.TestNG.runSuitesLocally(TestNG.java:1137)
at org.testng.TestNG.runSuites(TestNG.java:1049)
at org.testng.TestNG.run(TestNG.java:1017)
at org.testng.remote.AbstractRemoteTestNG.run(AbstractRemoteTestNG.java:114)
at org.testng.remote.RemoteTestNG.initAndRun(RemoteTestNG.java:251)
at org.testng.remote.RemoteTestNG.main(RemoteTestNG.java:77)
]]>
            </full-stacktrace>
          </exception> <!-- java.lang.AssertionError -->
          <reporter-output>
          </reporter-output>
        </test-method> <!-- setupTest -->
      </class> <!-- com.github.rest.yaml.test.TestClass -->
    </test> <!-- API Tests -->
  </suite> <!-- Suite -->
</testng-results>
